d:\college\term2\gems & algorithms\gemsproject1\anguspoolegemsproject1\stlanddiyproject\debug\vc141.pdb
d:\college\term2\gems & algorithms\gemsproject1\anguspoolegemsproject1\stlanddiyproject\debug\vc141.idb
d:\college\term2\gems & algorithms\gemsproject1\anguspoolegemsproject1\stlanddiyproject\debug\stlvector.obj
d:\college\term2\gems & algorithms\gemsproject1\anguspoolegemsproject1\stlanddiyproject\debug\stlmap.obj
d:\college\term2\gems & algorithms\gemsproject1\anguspoolegemsproject1\stlanddiyproject\debug\stllist.obj
d:\college\term2\gems & algorithms\gemsproject1\anguspoolegemsproject1\stlanddiyproject\debug\rbtree.obj
d:\college\term2\gems & algorithms\gemsproject1\anguspoolegemsproject1\stlanddiyproject\debug\mergesort.obj
d:\college\term2\gems & algorithms\gemsproject1\anguspoolegemsproject1\stlanddiyproject\debug\maintest.obj
d:\college\term2\gems & algorithms\gemsproject1\anguspoolegemsproject1\stlanddiyproject\debug\diyvector.obj
d:\college\term2\gems & algorithms\gemsproject1\anguspoolegemsproject1\stlanddiyproject\debug\diymap.obj
d:\college\term2\gems & algorithms\gemsproject1\anguspoolegemsproject1\stlanddiyproject\debug\diylist.obj
d:\college\term2\gems & algorithms\gemsproject1\anguspoolegemsproject1\stlanddiyproject\debug\cvector.obj
d:\college\term2\gems & algorithms\gemsproject1\anguspoolegemsproject1\stlanddiyproject\debug\cmap.obj
d:\college\term2\gems & algorithms\gemsproject1\anguspoolegemsproject1\stlanddiyproject\debug\clist.obj
d:\college\term2\gems & algorithms\gemsproject1\anguspoolegemsproject1\stlanddiyproject\debug\avltree.obj
d:\college\term2\gems & algorithms\gemsproject1\anguspoolegemsproject1\debug\stlanddiyproject.exe
d:\college\term2\gems & algorithms\gemsproject1\anguspoolegemsproject1\debug\stlanddiyproject.ilk
d:\college\term2\gems & algorithms\gemsproject1\anguspoolegemsproject1\debug\stlanddiyproject.pdb
d:\college\term2\gems & algorithms\gemsproject1\anguspoolegemsproject1\stlanddiyproject\debug\stlanddiyproject.tlog\cl.command.1.tlog
d:\college\term2\gems & algorithms\gemsproject1\anguspoolegemsproject1\stlanddiyproject\debug\stlanddiyproject.tlog\cl.read.1.tlog
d:\college\term2\gems & algorithms\gemsproject1\anguspoolegemsproject1\stlanddiyproject\debug\stlanddiyproject.tlog\cl.write.1.tlog
d:\college\term2\gems & algorithms\gemsproject1\anguspoolegemsproject1\stlanddiyproject\debug\stlanddiyproject.tlog\link.command.1.tlog
d:\college\term2\gems & algorithms\gemsproject1\anguspoolegemsproject1\stlanddiyproject\debug\stlanddiyproject.tlog\link.read.1.tlog
d:\college\term2\gems & algorithms\gemsproject1\anguspoolegemsproject1\stlanddiyproject\debug\stlanddiyproject.tlog\link.write.1.tlog
